<?xml version="1.0" encoding="UTF-8"?>
<!-- Generated by org.testng.reporters.JUnitReportReporter -->
<testsuite skipped="0" hostname="Saiful-PC" name="Report.executeTest" tests="3" failures="0" timestamp="2020-06-01T09:14:32 EDT" time="55.131" errors="0">
  <testcase name="mukul" time="17.614" classname="Report.executeTest"/>
  <system-out/>
  <testcase name="mukul" time="17.048" classname="Report.executeTest"/>
  <system-out/>
  <testcase name="mukul" time="20.469" classname="Report.executeTest"/>
  <system-out/>
</testsuite> <!-- Report.executeTest -->
