<?xml version="1.0" encoding="UTF-8"?>
<!-- Generated by org.testng.reporters.JUnitReportReporter -->
<testsuite skipped="0" hostname="Saiful-PC" name="Report.execution" tests="3" failures="0" timestamp="2020-06-02T10:04:40 EDT" time="58.671" errors="0">
  <testcase name="yahoo" time="17.995" classname="Report.execution"/>
  <system-out/>
  <testcase name="mukul" time="22.145" classname="Report.execution"/>
  <system-out/>
  <testcase name="mukul" time="18.531" classname="Report.execution"/>
  <system-out/>
</testsuite> <!-- Report.execution -->
