<?xml version="1.0" encoding="UTF-8"?>
<!-- Generated by org.testng.reporters.JUnitReportReporter -->
<testsuite skipped="0" hostname="Saiful-PC" name="Report.executeTest" tests="3" failures="0" timestamp="2020-06-01T09:10:10 EDT" time="57.021" errors="0">
  <testcase name="mukul" time="17.489" classname="Report.executeTest"/>
  <system-out/>
  <testcase name="mukul" time="18.150" classname="Report.executeTest"/>
  <system-out/>
  <testcase name="mukul" time="21.382" classname="Report.executeTest"/>
  <system-out/>
</testsuite> <!-- Report.executeTest -->
