<?xml version="1.0" encoding="UTF-8"?>
<!-- Generated by org.testng.reporters.JUnitReportReporter -->
<testsuite skipped="0" hostname="Saiful-PC" name="Report.execution" tests="3" failures="0" timestamp="2020-06-01T16:22:59 EDT" time="55.145" errors="0">
  <testcase name="mukul" time="20.729" classname="Report.execution"/>
  <system-out/>
  <testcase name="mukul" time="17.687" classname="Report.execution"/>
  <system-out/>
  <testcase name="yahoo" time="16.729" classname="Report.execution"/>
  <system-out/>
</testsuite> <!-- Report.execution -->
